# JRE version: OpenJDK Runtime Environment (11.0.10) (build 11.0.10+0-b96-7249189)
# Java VM: OpenJDK 64-Bit Server VM (11.0.10+0-b96-7249189, mixed mode, tiered, compressed oops, g1 gc, windows-amd64)
Heap:
 garbage-first heap   total 370688K, used 128311K [0x00000000c0000000, 0x0000000100000000)
  region size 1024K, 6 young (6144K), 6 survivors (6144K)
 Metaspace       used 106225K, capacity 108683K, committed 109256K, reserved 1144832K
  class space    used 13111K, capacity 13952K, committed 14156K, reserved 1048576K
GC Heap History (20 events):
Event: 111.017 GC heap after
{Heap after GC invocations=232 (full 0):
 garbage-first heap   total 155648K, used 126665K [0x00000000c0000000, 0x0000000100000000)
  region size 1024K, 2 young (2048K), 2 survivors (2048K)
 Metaspace       used 106003K, capacity 108630K, committed 108744K, reserved 1144832K
  class space    used 13158K, capacity 14075K, committed 14156K, reserved 1048576K
}
Event: 111.051 GC heap before
{Heap before GC invocations=232 (full 0):
 garbage-first heap   total 155648K, used 138953K [0x00000000c0000000, 0x0000000100000000)
  region size 1024K, 10 young (10240K), 2 survivors (2048K)
 Metaspace       used 106045K, capacity 108635K, committed 108744K, reserved 1144832K
  class space    used 13161K, capacity 14075K, committed 14156K, reserved 1048576K
}
Event: 111.053 GC heap after
{Heap after GC invocations=233 (full 0):
 garbage-first heap   total 155648K, used 128454K [0x00000000c0000000, 0x0000000100000000)
  region size 1024K, 2 young (2048K), 2 survivors (2048K)
 Metaspace       used 106045K, capacity 108635K, committed 108744K, reserved 1144832K
  class space    used 13161K, capacity 14075K, committed 14156K, reserved 1048576K
}
Event: 111.066 GC heap before
{Heap before GC invocations=233 (full 0):
 garbage-first heap   total 155648K, used 134598K [0x00000000c0000000, 0x0000000100000000)
  region size 1024K, 10 young (10240K), 2 survivors (2048K)
 Metaspace       used 106112K, capacity 108699K, committed 109000K, reserved 1144832K
  class space    used 13171K, capacity 14075K, committed 14156K, reserved 1048576K
}
Event: 111.068 GC heap after
{Heap after GC invocations=234 (full 0):
 garbage-first heap   total 155648K, used 129055K [0x00000000c0000000, 0x0000000100000000)
  region size 1024K, 2 young (2048K), 2 survivors (2048K)
 Metaspace       used 106112K, capacity 108699K, committed 109000K, reserved 1144832K
  class space    used 13171K, capacity 14075K, committed 14156K, reserved 1048576K
}
Event: 111.086 GC heap before
{Heap before GC invocations=234 (full 0):
 garbage-first heap   total 155648K, used 135199K [0x00000000c0000000, 0x0000000100000000)
  region size 1024K, 9 young (9216K), 2 survivors (2048K)
 Metaspace       used 106211K, capacity 108763K, committed 109000K, reserved 1144832K
  class space    used 13178K, capacity 14075K, committed 14156K, reserved 1048576K
}
Event: 111.089 GC heap after
{Heap after GC invocations=235 (full 0):
 garbage-first heap   total 155648K, used 129538K [0x00000000c0000000, 0x0000000100000000)
  region size 1024K, 2 young (2048K), 2 survivors (2048K)
 Metaspace       used 106211K, capacity 108763K, committed 109000K, reserved 1144832K
  class space    used 13178K, capacity 14075K, committed 14156K, reserved 1048576K
}
Event: 111.118 GC heap before
{Heap before GC invocations=235 (full 0):
 garbage-first heap   total 155648K, used 134658K [0x00000000c0000000, 0x0000000100000000)
  region size 1024K, 8 young (8192K), 2 survivors (2048K)
 Metaspace       used 106256K, capacity 108860K, committed 109000K, reserved 1144832K
  class space    used 13183K, capacity 14107K, committed 14156K, reserved 1048576K
}
Event: 111.120 GC heap after
{Heap after GC invocations=236 (full 0):
 garbage-first heap   total 155648K, used 130167K [0x00000000c0000000, 0x0000000100000000)
  region size 1024K, 1 young (1024K), 1 survivors (1024K)
 Metaspace       used 106256K, capacity 108860K, committed 109000K, reserved 1144832K
  class space    used 13183K, capacity 14107K, committed 14156K, reserved 1048576K
}
Event: 111.142 GC heap before
{Heap before GC invocations=236 (full 0):
 garbage-first heap   total 155648K, used 135287K [0x00000000c0000000, 0x0000000100000000)
  region size 1024K, 7 young (7168K), 1 survivors (1024K)
 Metaspace       used 106301K, capacity 108924K, committed 109000K, reserved 1144832K
  class space    used 13186K, capacity 14107K, committed 14156K, reserved 1048576K
}
Event: 111.144 GC heap after
{Heap after GC invocations=237 (full 0):
 garbage-first heap   total 155648K, used 131020K [0x00000000c0000000, 0x0000000100000000)
  region size 1024K, 1 young (1024K), 1 survivors (1024K)
 Metaspace       used 106301K, capacity 108924K, committed 109000K, reserved 1144832K
  class space    used 13186K, capacity 14107K, committed 14156K, reserved 1048576K
}
Event: 111.173 GC heap before
{Heap before GC invocations=237 (full 0):
 garbage-first heap   total 155648K, used 136140K [0x00000000c0000000, 0x0000000100000000)
  region size 1024K, 7 young (7168K), 1 survivors (1024K)
 Metaspace       used 106373K, capacity 108988K, committed 109256K, reserved 1144832K
  class space    used 13196K, capacity 14107K, committed 14156K, reserved 1048576K
}
Event: 111.178 GC heap after
{Heap after GC invocations=238 (full 0):
 garbage-first heap   total 225280K, used 130915K [0x00000000c0000000, 0x0000000100000000)
  region size 1024K, 1 young (1024K), 1 survivors (1024K)
 Metaspace       used 106373K, capacity 108988K, committed 109256K, reserved 1144832K
  class space    used 13196K, capacity 14107K, committed 14156K, reserved 1048576K
}
Event: 111.410 GC heap before
{Heap before GC invocations=239 (full 0):
 garbage-first heap   total 225280K, used 162659K [0x00000000c0000000, 0x0000000100000000)
  region size 1024K, 38 young (38912K), 1 survivors (1024K)
 Metaspace       used 106142K, capacity 108553K, committed 109256K, reserved 1144832K
  class space    used 13111K, capacity 13952K, committed 14156K, reserved 1048576K
}
Event: 111.414 GC heap after
{Heap after GC invocations=240 (full 0):
 garbage-first heap   total 225280K, used 125811K [0x00000000c0000000, 0x0000000100000000)
  region size 1024K, 2 young (2048K), 2 survivors (2048K)
 Metaspace       used 106142K, capacity 108553K, committed 109256K, reserved 1144832K
  class space    used 13111K, capacity 13952K, committed 14156K, reserved 1048576K
}
Event: 111.451 GC heap before
{Heap before GC invocations=240 (full 0):
 garbage-first heap   total 225280K, used 135027K [0x00000000c0000000, 0x0000000100000000)
  region size 1024K, 11 young (11264K), 2 survivors (2048K)
 Metaspace       used 106154K, capacity 108553K, committed 109256K, reserved 1144832K
  class space    used 13111K, capacity 13952K, committed 14156K, reserved 1048576K
}
Event: 111.455 GC heap after
{Heap after GC invocations=241 (full 0):
 garbage-first heap   total 225280K, used 123200K [0x00000000c0000000, 0x0000000100000000)
  region size 1024K, 1 young (1024K), 1 survivors (1024K)
 Metaspace       used 106154K, capacity 108553K, committed 109256K, reserved 1144832K
  class space    used 13111K, capacity 13952K, committed 14156K, reserved 1048576K
}
Event: 111.625 GC heap before
{Heap before GC invocations=241 (full 0):
 garbage-first heap   total 225280K, used 170304K [0x00000000c0000000, 0x0000000100000000)
  region size 1024K, 47 young (48128K), 1 survivors (1024K)
 Metaspace       used 106191K, capacity 108617K, committed 109256K, reserved 1144832K
  class space    used 13111K, capacity 13952K, committed 14156K, reserved 1048576K
}
Event: 111.630 GC heap after
{Heap after GC invocations=242 (full 0):
 garbage-first heap   total 225280K, used 126566K [0x00000000c0000000, 0x0000000100000000)
  region size 1024K, 4 young (4096K), 4 survivors (4096K)
 Metaspace       used 106191K, capacity 108617K, committed 109256K, reserved 1144832K
  class space    used 13111K, capacity 13952K, committed 14156K, reserved 1048576K
}
Event: 111.892 GC heap before
{Heap before GC invocations=242 (full 0):
 garbage-first heap   total 225280K, used 173670K [0x00000000c0000000, 0x0000000100000000)
  region size 1024K, 51 young (52224K), 4 survivors (4096K)
 Metaspace       used 106225K, capacity 108683K, committed 109256K, reserved 1144832K
  class space    used 13111K, capacity 13952K, committed 14156K, reserved 1048576K
}

