# JRE version: OpenJDK Runtime Environment (11.0.10) (build 11.0.10+0-b96-7249189)
# Java VM: OpenJDK 64-Bit Server VM (11.0.10+0-b96-7249189, mixed mode, tiered, compressed oops, g1 gc, windows-amd64)
Heap:
 garbage-first heap   total 340992K, used 173308K [0x00000000c0000000, 0x0000000100000000)
  region size 1024K, 27 young (27648K), 9 survivors (9216K)
 Metaspace       used 126039K, capacity 129087K, committed 129352K, reserved 1163264K
  class space    used 15209K, capacity 16265K, committed 16332K, reserved 1048576K
GC Heap History (20 events):
Event: 41.091 GC heap before
{Heap before GC invocations=69 (full 0):
 garbage-first heap   total 340992K, used 265057K [0x00000000c0000000, 0x0000000100000000)
  region size 1024K, 140 young (143360K), 18 survivors (18432K)
 Metaspace       used 100082K, capacity 102377K, committed 102472K, reserved 1138688K
  class space    used 12499K, capacity 13235K, committed 13260K, reserved 1048576K
}
Event: 41.107 GC heap after
{Heap after GC invocations=70 (full 0):
 garbage-first heap   total 340992K, used 132701K [0x00000000c0000000, 0x0000000100000000)
  region size 1024K, 5 young (5120K), 5 survivors (5120K)
 Metaspace       used 100082K, capacity 102377K, committed 102472K, reserved 1138688K
  class space    used 12499K, capacity 13235K, committed 13260K, reserved 1048576K
}
Event: 42.445 GC heap before
{Heap before GC invocations=70 (full 0):
 garbage-first heap   total 340992K, used 269917K [0x00000000c0000000, 0x0000000100000000)
  region size 1024K, 139 young (142336K), 5 survivors (5120K)
 Metaspace       used 100090K, capacity 102377K, committed 102472K, reserved 1138688K
  class space    used 12500K, capacity 13235K, committed 13260K, reserved 1048576K
}
Event: 42.449 GC heap after
{Heap after GC invocations=71 (full 0):
 garbage-first heap   total 340992K, used 133069K [0x00000000c0000000, 0x0000000100000000)
  region size 1024K, 5 young (5120K), 5 survivors (5120K)
 Metaspace       used 100090K, capacity 102377K, committed 102472K, reserved 1138688K
  class space    used 12500K, capacity 13235K, committed 13260K, reserved 1048576K
}
Event: 44.879 GC heap before
{Heap before GC invocations=71 (full 0):
 garbage-first heap   total 340992K, used 276429K [0x00000000c0000000, 0x0000000100000000)
  region size 1024K, 147 young (150528K), 5 survivors (5120K)
 Metaspace       used 104053K, capacity 106328K, committed 106440K, reserved 1142784K
  class space    used 13018K, capacity 13823K, committed 13900K, reserved 1048576K
}
Event: 44.885 GC heap after
{Heap after GC invocations=72 (full 0):
 garbage-first heap   total 340992K, used 128215K [0x00000000c0000000, 0x0000000100000000)
  region size 1024K, 2 young (2048K), 2 survivors (2048K)
 Metaspace       used 104053K, capacity 106328K, committed 106440K, reserved 1142784K
  class space    used 13018K, capacity 13823K, committed 13900K, reserved 1048576K
}
Event: 62.190 GC heap before
{Heap before GC invocations=72 (full 0):
 garbage-first heap   total 340992K, used 280791K [0x00000000c0000000, 0x0000000100000000)
  region size 1024K, 152 young (155648K), 2 survivors (2048K)
 Metaspace       used 110503K, capacity 113046K, committed 113096K, reserved 1148928K
  class space    used 13745K, capacity 14654K, committed 14668K, reserved 1048576K
}
Event: 62.207 GC heap after
{Heap after GC invocations=73 (full 0):
 garbage-first heap   total 340992K, used 133466K [0x00000000c0000000, 0x0000000100000000)
  region size 1024K, 8 young (8192K), 8 survivors (8192K)
 Metaspace       used 110503K, capacity 113046K, committed 113096K, reserved 1148928K
  class space    used 13745K, capacity 14654K, committed 14668K, reserved 1048576K
}
Event: 323.353 GC heap before
{Heap before GC invocations=73 (full 0):
 garbage-first heap   total 340992K, used 280922K [0x00000000c0000000, 0x0000000100000000)
  region size 1024K, 153 young (156672K), 8 survivors (8192K)
 Metaspace       used 118274K, capacity 121098K, committed 121288K, reserved 1155072K
  class space    used 14579K, capacity 15628K, committed 15692K, reserved 1048576K
}
Event: 323.467 GC heap after
{Heap after GC invocations=74 (full 0):
 garbage-first heap   total 340992K, used 142985K [0x00000000c0000000, 0x0000000100000000)
  region size 1024K, 17 young (17408K), 17 survivors (17408K)
 Metaspace       used 118274K, capacity 121098K, committed 121288K, reserved 1155072K
  class space    used 14579K, capacity 15628K, committed 15692K, reserved 1048576K
}
Event: 327.031 GC heap before
{Heap before GC invocations=74 (full 0):
 garbage-first heap   total 340992K, used 283273K [0x00000000c0000000, 0x0000000100000000)
  region size 1024K, 152 young (155648K), 17 survivors (17408K)
 Metaspace       used 119749K, capacity 122684K, committed 122952K, reserved 1157120K
  class space    used 14702K, capacity 15739K, committed 15820K, reserved 1048576K
}
Event: 327.123 GC heap after
{Heap after GC invocations=75 (full 0):
 garbage-first heap   total 340992K, used 161088K [0x00000000c0000000, 0x0000000100000000)
  region size 1024K, 19 young (19456K), 19 survivors (19456K)
 Metaspace       used 119749K, capacity 122684K, committed 122952K, reserved 1157120K
  class space    used 14702K, capacity 15739K, committed 15820K, reserved 1048576K
}
Event: 329.133 GC heap before
{Heap before GC invocations=75 (full 0):
 garbage-first heap   total 340992K, used 234816K [0x00000000c0000000, 0x0000000100000000)
  region size 1024K, 84 young (86016K), 19 survivors (19456K)
 Metaspace       used 120369K, capacity 123363K, committed 123464K, reserved 1157120K
  class space    used 14756K, capacity 15796K, committed 15820K, reserved 1048576K
}
Event: 329.263 GC heap after
{Heap after GC invocations=76 (full 0):
 garbage-first heap   total 340992K, used 176367K [0x00000000c0000000, 0x0000000100000000)
  region size 1024K, 13 young (13312K), 13 survivors (13312K)
 Metaspace       used 120369K, capacity 123363K, committed 123464K, reserved 1157120K
  class space    used 14756K, capacity 15796K, committed 15820K, reserved 1048576K
}
Event: 331.909 GC heap before
{Heap before GC invocations=77 (full 0):
 garbage-first heap   total 340992K, used 269551K [0x00000000c0000000, 0x0000000100000000)
  region size 1024K, 94 young (96256K), 13 survivors (13312K)
 Metaspace       used 123885K, capacity 126851K, committed 127176K, reserved 1161216K
  class space    used 15012K, capacity 16075K, committed 16204K, reserved 1048576K
}
Event: 331.942 GC heap after
{Heap after GC invocations=78 (full 0):
 garbage-first heap   total 340992K, used 176906K [0x00000000c0000000, 0x0000000100000000)
  region size 1024K, 9 young (9216K), 9 survivors (9216K)
 Metaspace       used 123885K, capacity 126851K, committed 127176K, reserved 1161216K
  class space    used 15012K, capacity 16075K, committed 16204K, reserved 1048576K
}
Event: 331.989 GC heap before
{Heap before GC invocations=78 (full 0):
 garbage-first heap   total 340992K, used 184074K [0x00000000c0000000, 0x0000000100000000)
  region size 1024K, 16 young (16384K), 9 survivors (9216K)
 Metaspace       used 123946K, capacity 126915K, committed 127176K, reserved 1161216K
  class space    used 15018K, capacity 16075K, committed 16204K, reserved 1048576K
}
Event: 332.008 GC heap after
{Heap after GC invocations=79 (full 0):
 garbage-first heap   total 340992K, used 161701K [0x00000000c0000000, 0x0000000100000000)
  region size 1024K, 2 young (2048K), 2 survivors (2048K)
 Metaspace       used 123946K, capacity 126915K, committed 127176K, reserved 1161216K
  class space    used 15018K, capacity 16075K, committed 16204K, reserved 1048576K
}
Event: 338.046 GC heap before
{Heap before GC invocations=79 (full 0):
 garbage-first heap   total 340992K, used 253861K [0x00000000c0000000, 0x0000000100000000)
  region size 1024K, 93 young (95232K), 2 survivors (2048K)
 Metaspace       used 126006K, capacity 129073K, committed 129352K, reserved 1163264K
  class space    used 15209K, capacity 16264K, committed 16332K, reserved 1048576K
}
Event: 338.062 GC heap after
{Heap after GC invocations=80 (full 0):
 garbage-first heap   total 340992K, used 168188K [0x00000000c0000000, 0x0000000100000000)
  region size 1024K, 9 young (9216K), 9 survivors (9216K)
 Metaspace       used 126006K, capacity 129073K, committed 129352K, reserved 1163264K
  class space    used 15209K, capacity 16264K, committed 16332K, reserved 1048576K
}

